# JRE version: Java(TM) SE Runtime Environment (8.0_05-b13) (build 1.8.0_05-b13)
# Java VM: Java HotSpot(TM) 64-Bit Server VM (25.5-b02 mixed mode windows-amd64 compressed oops)
Heap:
 PSYoungGen      total 64512K, used 59954K [0x00000000eab00000, 0x00000000ef400000, 0x0000000100000000)
  eden space 57344K, 92% used [0x00000000eab00000,0x00000000edf06b80,0x00000000ee300000)
  from space 7168K, 93% used [0x00000000eeb00000,0x00000000ef185d20,0x00000000ef200000)
  to   space 8192K, 0% used [0x00000000ee300000,0x00000000ee300000,0x00000000eeb00000)
 ParOldGen       total 129536K, used 35391K [0x00000000c0000000, 0x00000000c7e80000, 0x00000000eab00000)
  object space 129536K, 27% used [0x00000000c0000000,0x00000000c228ff78,0x00000000c7e80000)
 Metaspace       used 5875K, capacity 7088K, committed 7296K, reserved 1056768K
  class space    used 581K, capacity 616K, committed 640K, reserved 1048576K
GC Heap History (10 events):
Event: 3.942 GC heap before
{Heap before GC invocations=20 (full 0):
 PSYoungGen      total 25088K, used 24704K [0x00000000eab00000, 0x00000000ed100000, 0x0000000100000000)
  eden space 20992K, 100% used [0x00000000eab00000,0x00000000ebf80000,0x00000000ebf80000)
  from space 4096K, 90% used [0x00000000ebf80000,0x00000000ec320010,0x00000000ec380000)
  to   space 4608K, 0% used [0x00000000ecc80000,0x00000000ecc80000,0x00000000ed100000)
 ParOldGen       total 129536K, used 14019K [0x00000000c0000000, 0x00000000c7e80000, 0x00000000eab00000)
  object space 129536K, 10% used [0x00000000c0000000,0x00000000c0db0df0,0x00000000c7e80000)
 Metaspace       used 5423K, capacity 6832K, committed 7040K, reserved 1056768K
  class space    used 540K, capacity 616K, committed 640K, reserved 1048576K
Event: 3.952 GC heap after
Heap after GC invocations=20 (full 0):
 PSYoungGen      total 34304K, used 3392K [0x00000000eab00000, 0x00000000ed100000, 0x0000000100000000)
  eden space 29696K, 0% used [0x00000000eab00000,0x00000000eab00000,0x00000000ec800000)
  from space 4608K, 73% used [0x00000000ecc80000,0x00000000ecfd0000,0x00000000ed100000)
  to   space 4608K, 0% used [0x00000000ec800000,0x00000000ec800000,0x00000000ecc80000)
 ParOldGen       total 129536K, used 17523K [0x00000000c0000000, 0x00000000c7e80000, 0x00000000eab00000)
  object space 129536K, 13% used [0x00000000c0000000,0x00000000c111cdd0,0x00000000c7e80000)
 Metaspace       used 5423K, capacity 6832K, committed 7040K, reserved 1056768K
  class space    used 540K, capacity 616K, committed 640K, reserved 1048576K
}
Event: 4.256 GC heap before
{Heap before GC invocations=21 (full 0):
 PSYoungGen      total 34304K, used 33088K [0x00000000eab00000, 0x00000000ed100000, 0x0000000100000000)
  eden space 29696K, 100% used [0x00000000eab00000,0x00000000ec800000,0x00000000ec800000)
  from space 4608K, 73% used [0x00000000ecc80000,0x00000000ecfd0000,0x00000000ed100000)
  to   space 4608K, 0% used [0x00000000ec800000,0x00000000ec800000,0x00000000ecc80000)
 ParOldGen       total 129536K, used 17523K [0x00000000c0000000, 0x00000000c7e80000, 0x00000000eab00000)
  object space 129536K, 13% used [0x00000000c0000000,0x00000000c111cdd0,0x00000000c7e80000)
 Metaspace       used 5437K, capacity 6832K, committed 7040K, reserved 1056768K
  class space    used 541K, capacity 616K, committed 640K, reserved 1048576K
Event: 4.303 GC heap after
Heap after GC invocations=21 (full 0):
 PSYoungGen      total 34304K, used 4576K [0x00000000eab00000, 0x00000000edf00000, 0x0000000100000000)
  eden space 29696K, 0% used [0x00000000eab00000,0x00000000eab00000,0x00000000ec800000)
  from space 4608K, 99% used [0x00000000ec800000,0x00000000ecc78000,0x00000000ecc80000)
  to   space 5632K, 0% used [0x00000000ed980000,0x00000000ed980000,0x00000000edf00000)
 ParOldGen       total 129536K, used 20635K [0x00000000c0000000, 0x00000000c7e80000, 0x00000000eab00000)
  object space 129536K, 15% used [0x00000000c0000000,0x00000000c1426f28,0x00000000c7e80000)
 Metaspace       used 5437K, capacity 6832K, committed 7040K, reserved 1056768K
  class space    used 541K, capacity 616K, committed 640K, reserved 1048576K
}
Event: 4.577 GC heap before
{Heap before GC invocations=22 (full 0):
 PSYoungGen      total 34304K, used 34272K [0x00000000eab00000, 0x00000000edf00000, 0x0000000100000000)
  eden space 29696K, 100% used [0x00000000eab00000,0x00000000ec800000,0x00000000ec800000)
  from space 4608K, 99% used [0x00000000ec800000,0x00000000ecc78000,0x00000000ecc80000)
  to   space 5632K, 0% used [0x00000000ed980000,0x00000000ed980000,0x00000000edf00000)
 ParOldGen       total 129536K, used 20635K [0x00000000c0000000, 0x00000000c7e80000, 0x00000000eab00000)
  object space 129536K, 15% used [0x00000000c0000000,0x00000000c1426f28,0x00000000c7e80000)
 Metaspace       used 5464K, capacity 6832K, committed 7040K, reserved 1056768K
  class space    used 541K, capacity 616K, committed 640K, reserved 1048576K
Event: 4.594 GC heap after
Heap after GC invocations=22 (full 0):
 PSYoungGen      total 47104K, used 5071K [0x00000000eab00000, 0x00000000ee000000, 0x0000000100000000)
  eden space 41472K, 0% used [0x00000000eab00000,0x00000000eab00000,0x00000000ed380000)
  from space 5632K, 90% used [0x00000000ed980000,0x00000000ede73df0,0x00000000edf00000)
  to   space 6144K, 0% used [0x00000000ed380000,0x00000000ed380000,0x00000000ed980000)
 ParOldGen       total 129536K, used 25086K [0x00000000c0000000, 0x00000000c7e80000, 0x00000000eab00000)
  object space 129536K, 19% used [0x00000000c0000000,0x00000000c187fb00,0x00000000c7e80000)
 Metaspace       used 5464K, capacity 6832K, committed 7040K, reserved 1056768K
  class space    used 541K, capacity 616K, committed 640K, reserved 1048576K
}
Event: 4.923 GC heap before
{Heap before GC invocations=23 (full 0):
 PSYoungGen      total 47104K, used 46543K [0x00000000eab00000, 0x00000000ee000000, 0x0000000100000000)
  eden space 41472K, 100% used [0x00000000eab00000,0x00000000ed380000,0x00000000ed380000)
  from space 5632K, 90% used [0x00000000ed980000,0x00000000ede73df0,0x00000000edf00000)
  to   space 6144K, 0% used [0x00000000ed380000,0x00000000ed380000,0x00000000ed980000)
 ParOldGen       total 129536K, used 25086K [0x00000000c0000000, 0x00000000c7e80000, 0x00000000eab00000)
  object space 129536K, 19% used [0x00000000c0000000,0x00000000c187fb00,0x00000000c7e80000)
 Metaspace       used 5469K, capacity 6832K, committed 7040K, reserved 1056768K
  class space    used 541K, capacity 616K, committed 640K, reserved 1048576K
Event: 4.948 GC heap after
Heap after GC invocations=23 (full 0):
 PSYoungGen      total 47616K, used 5856K [0x00000000eab00000, 0x00000000ef200000, 0x0000000100000000)
  eden space 41472K, 0% used [0x00000000eab00000,0x00000000eab00000,0x00000000ed380000)
  from space 6144K, 95% used [0x00000000ed380000,0x00000000ed938020,0x00000000ed980000)
  to   space 7168K, 0% used [0x00000000eeb00000,0x00000000eeb00000,0x00000000ef200000)
 ParOldGen       total 129536K, used 29753K [0x00000000c0000000, 0x00000000c7e80000, 0x00000000eab00000)
  object space 129536K, 22% used [0x00000000c0000000,0x00000000c1d0e570,0x00000000c7e80000)
 Metaspace       used 5469K, capacity 6832K, committed 7040K, reserved 1056768K
  class space    used 541K, capacity 616K, committed 640K, reserved 1048576K
}
Event: 5.288 GC heap before
{Heap before GC invocations=24 (full 0):
 PSYoungGen      total 47616K, used 47328K [0x00000000eab00000, 0x00000000ef200000, 0x0000000100000000)
  eden space 41472K, 100% used [0x00000000eab00000,0x00000000ed380000,0x00000000ed380000)
  from space 6144K, 95% used [0x00000000ed380000,0x00000000ed938020,0x00000000ed980000)
  to   space 7168K, 0% used [0x00000000eeb00000,0x00000000eeb00000,0x00000000ef200000)
 ParOldGen       total 129536K, used 29753K [0x00000000c0000000, 0x00000000c7e80000, 0x00000000eab00000)
  object space 129536K, 22% used [0x00000000c0000000,0x00000000c1d0e570,0x00000000c7e80000)
 Metaspace       used 5478K, capacity 6896K, committed 7040K, reserved 1056768K
  class space    used 541K, capacity 616K, committed 640K, reserved 1048576K
Event: 5.374 GC heap after
Heap after GC invocations=24 (full 0):
 PSYoungGen      total 64512K, used 6679K [0x00000000eab00000, 0x00000000ef400000, 0x0000000100000000)
  eden space 57344K, 0% used [0x00000000eab00000,0x00000000eab00000,0x00000000ee300000)
  from space 7168K, 93% used [0x00000000eeb00000,0x00000000ef185d20,0x00000000ef200000)
  to   space 8192K, 0% used [0x00000000ee300000,0x00000000ee300000,0x00000000eeb00000)
 ParOldGen       total 129536K, used 35391K [0x00000000c0000000, 0x00000000c7e80000, 0x00000000eab00000)
  object space 129536K, 27% used [0x00000000c0000000,0x00000000c228ff78,0x00000000c7e80000)
 Metaspace       used 5478K, capacity 6896K, committed 7040K, reserved 1056768K
  class space    used 541K, capacity 616K, committed 640K, reserved 1048576K
}

