# JRE version: Java(TM) SE Runtime Environment (8.0_05-b13) (build 1.8.0_05-b13)
# Java VM: Java HotSpot(TM) 64-Bit Server VM (25.5-b02 mixed mode windows-amd64 compressed oops)
Heap:
 PSYoungGen      total 279040K, used 132773K [0x00000000eab00000, 0x00000000ff800000, 0x0000000100000000)
  eden space 245760K, 54% used [0x00000000eab00000,0x00000000f2ca94e0,0x00000000f9b00000)
  from space 33280K, 0% used [0x00000000f9b00000,0x00000000f9b00000,0x00000000fbb80000)
  to   space 43520K, 0% used [0x00000000fcd80000,0x00000000fcd80000,0x00000000ff800000)
 ParOldGen       total 86016K, used 60496K [0x00000000c0000000, 0x00000000c5400000, 0x00000000eab00000)
  object space 86016K, 70% used [0x00000000c0000000,0x00000000c3b142f8,0x00000000c5400000)
 Metaspace       used 58117K, capacity 59554K, committed 74368K, reserved 1112064K
  class space    used 7616K, capacity 8100K, committed 11904K, reserved 1048576K
GC Heap History (10 events):
Event: 146.604 GC heap before
{Heap before GC invocations=41 (full 8):
 PSYoungGen      total 276480K, used 17405K [0x00000000eab00000, 0x00000000fdb80000, 0x0000000100000000)
  eden space 249344K, 2% used [0x00000000eab00000,0x00000000eb23c268,0x00000000f9e80000)
  from space 27136K, 36% used [0x00000000fc100000,0x00000000fcac3320,0x00000000fdb80000)
  to   space 31232K, 0% used [0x00000000f9e80000,0x00000000f9e80000,0x00000000fbd00000)
 ParOldGen       total 101376K, used 81319K [0x00000000c0000000, 0x00000000c6300000, 0x00000000eab00000)
  object space 101376K, 80% used [0x00000000c0000000,0x00000000c4f69f68,0x00000000c6300000)
 Metaspace       used 54991K, capacity 58763K, committed 58880K, reserved 1099776K
  class space    used 7734K, capacity 9151K, committed 9216K, reserved 1048576K
Event: 146.635 GC heap after
Heap after GC invocations=41 (full 8):
 PSYoungGen      total 256512K, used 7008K [0x00000000eab00000, 0x00000000fd880000, 0x0000000100000000)
  eden space 249344K, 0% used [0x00000000eab00000,0x00000000eab00000,0x00000000f9e80000)
  from space 7168K, 97% used [0x00000000f9e80000,0x00000000fa558000,0x00000000fa580000)
  to   space 29696K, 0% used [0x00000000fbb80000,0x00000000fbb80000,0x00000000fd880000)
 ParOldGen       total 101376K, used 81327K [0x00000000c0000000, 0x00000000c6300000, 0x00000000eab00000)
  object space 101376K, 80% used [0x00000000c0000000,0x00000000c4f6bf68,0x00000000c6300000)
 Metaspace       used 54991K, capacity 58763K, committed 58880K, reserved 1099776K
  class space    used 7734K, capacity 9151K, committed 9216K, reserved 1048576K
}
Event: 146.635 GC heap before
{Heap before GC invocations=42 (full 9):
 PSYoungGen      total 256512K, used 7008K [0x00000000eab00000, 0x00000000fd880000, 0x0000000100000000)
  eden space 249344K, 0% used [0x00000000eab00000,0x00000000eab00000,0x00000000f9e80000)
  from space 7168K, 97% used [0x00000000f9e80000,0x00000000fa558000,0x00000000fa580000)
  to   space 29696K, 0% used [0x00000000fbb80000,0x00000000fbb80000,0x00000000fd880000)
 ParOldGen       total 101376K, used 81327K [0x00000000c0000000, 0x00000000c6300000, 0x00000000eab00000)
  object space 101376K, 80% used [0x00000000c0000000,0x00000000c4f6bf68,0x00000000c6300000)
 Metaspace       used 54991K, capacity 58763K, committed 58880K, reserved 1099776K
  class space    used 7734K, capacity 9151K, committed 9216K, reserved 1048576K
Event: 147.463 GC heap after
Heap after GC invocations=42 (full 9):
 PSYoungGen      total 256512K, used 0K [0x00000000eab00000, 0x00000000fd880000, 0x0000000100000000)
  eden space 249344K, 0% used [0x00000000eab00000,0x00000000eab00000,0x00000000f9e80000)
  from space 7168K, 0% used [0x00000000f9e80000,0x00000000f9e80000,0x00000000fa580000)
  to   space 29696K, 0% used [0x00000000fbb80000,0x00000000fbb80000,0x00000000fd880000)
 ParOldGen       total 101376K, used 83979K [0x00000000c0000000, 0x00000000c6300000, 0x00000000eab00000)
  object space 101376K, 82% used [0x00000000c0000000,0x00000000c5202df0,0x00000000c6300000)
 Metaspace       used 54991K, capacity 58763K, committed 58880K, reserved 1099776K
  class space    used 7734K, capacity 9151K, committed 9216K, reserved 1048576K
}
Event: 190.374 GC heap before
{Heap before GC invocations=43 (full 9):
 PSYoungGen      total 256512K, used 249344K [0x00000000eab00000, 0x00000000fd880000, 0x0000000100000000)
  eden space 249344K, 100% used [0x00000000eab00000,0x00000000f9e80000,0x00000000f9e80000)
  from space 7168K, 0% used [0x00000000f9e80000,0x00000000f9e80000,0x00000000fa580000)
  to   space 29696K, 0% used [0x00000000fbb80000,0x00000000fbb80000,0x00000000fd880000)
 ParOldGen       total 101376K, used 83979K [0x00000000c0000000, 0x00000000c6300000, 0x00000000eab00000)
  object space 101376K, 82% used [0x00000000c0000000,0x00000000c5202df0,0x00000000c6300000)
 Metaspace       used 60953K, capacity 65480K, committed 65664K, reserved 1103872K
  class space    used 8577K, capacity 10320K, committed 10368K, reserved 1048576K
Event: 190.408 GC heap after
Heap after GC invocations=43 (full 9):
 PSYoungGen      total 275456K, used 24533K [0x00000000eab00000, 0x00000000fec00000, 0x0000000100000000)
  eden space 245760K, 0% used [0x00000000eab00000,0x00000000eab00000,0x00000000f9b00000)
  from space 29696K, 82% used [0x00000000fbb80000,0x00000000fd3756d0,0x00000000fd880000)
  to   space 33280K, 0% used [0x00000000f9b00000,0x00000000f9b00000,0x00000000fbb80000)
 ParOldGen       total 101376K, used 83987K [0x00000000c0000000, 0x00000000c6300000, 0x00000000eab00000)
  object space 101376K, 82% used [0x00000000c0000000,0x00000000c5204df0,0x00000000c6300000)
 Metaspace       used 60953K, capacity 65480K, committed 65664K, reserved 1103872K
  class space    used 8577K, capacity 10320K, committed 10368K, reserved 1048576K
}
Event: 2839.866 GC heap before
{Heap before GC invocations=44 (full 9):
 PSYoungGen      total 275456K, used 270293K [0x00000000eab00000, 0x00000000fec00000, 0x0000000100000000)
  eden space 245760K, 100% used [0x00000000eab00000,0x00000000f9b00000,0x00000000f9b00000)
  from space 29696K, 82% used [0x00000000fbb80000,0x00000000fd3756d0,0x00000000fd880000)
  to   space 33280K, 0% used [0x00000000f9b00000,0x00000000f9b00000,0x00000000fbb80000)
 ParOldGen       total 101376K, used 83987K [0x00000000c0000000, 0x00000000c6300000, 0x00000000eab00000)
  object space 101376K, 82% used [0x00000000c0000000,0x00000000c5204df0,0x00000000c6300000)
 Metaspace       used 71112K, capacity 76294K, committed 76416K, reserved 1114112K
  class space    used 9934K, capacity 11840K, committed 11904K, reserved 1048576K
Event: 2839.919 GC heap after
Heap after GC invocations=44 (full 9):
 PSYoungGen      total 279040K, used 33263K [0x00000000eab00000, 0x00000000ff800000, 0x0000000100000000)
  eden space 245760K, 0% used [0x00000000eab00000,0x00000000eab00000,0x00000000f9b00000)
  from space 33280K, 99% used [0x00000000f9b00000,0x00000000fbb7bf10,0x00000000fbb80000)
  to   space 43520K, 0% used [0x00000000fcd80000,0x00000000fcd80000,0x00000000ff800000)
 ParOldGen       total 101376K, used 96623K [0x00000000c0000000, 0x00000000c6300000, 0x00000000eab00000)
  object space 101376K, 95% used [0x00000000c0000000,0x00000000c5e5bcc8,0x00000000c6300000)
 Metaspace       used 71112K, capacity 76294K, committed 76416K, reserved 1114112K
  class space    used 9934K, capacity 11840K, committed 11904K, reserved 1048576K
}
Event: 2839.919 GC heap before
{Heap before GC invocations=45 (full 10):
 PSYoungGen      total 279040K, used 33263K [0x00000000eab00000, 0x00000000ff800000, 0x0000000100000000)
  eden space 245760K, 0% used [0x00000000eab00000,0x00000000eab00000,0x00000000f9b00000)
  from space 33280K, 99% used [0x00000000f9b00000,0x00000000fbb7bf10,0x00000000fbb80000)
  to   space 43520K, 0% used [0x00000000fcd80000,0x00000000fcd80000,0x00000000ff800000)
 ParOldGen       total 101376K, used 96623K [0x00000000c0000000, 0x00000000c6300000, 0x00000000eab00000)
  object space 101376K, 95% used [0x00000000c0000000,0x00000000c5e5bcc8,0x00000000c6300000)
 Metaspace       used 71112K, capacity 76294K, committed 76416K, reserved 1114112K
  class space    used 9934K, capacity 11840K, committed 11904K, reserved 1048576K
Event: 2840.440 GC heap after
Heap after GC invocations=45 (full 10):
 PSYoungGen      total 279040K, used 0K [0x00000000eab00000, 0x00000000ff800000, 0x0000000100000000)
  eden space 245760K, 0% used [0x00000000eab00000,0x00000000eab00000,0x00000000f9b00000)
  from space 33280K, 0% used [0x00000000f9b00000,0x00000000f9b00000,0x00000000fbb80000)
  to   space 43520K, 0% used [0x00000000fcd80000,0x00000000fcd80000,0x00000000ff800000)
 ParOldGen       total 86016K, used 60496K [0x00000000c0000000, 0x00000000c5400000, 0x00000000eab00000)
  object space 86016K, 70% used [0x00000000c0000000,0x00000000c3b142f8,0x00000000c5400000)
 Metaspace       used 56711K, capacity 57897K, committed 74368K, reserved 1112064K
  class space    used 7347K, capacity 7716K, committed 11904K, reserved 1048576K
}

